        -:    0:Source:C:/Program Files/mingw-w64/x86_64-8.1.0-posix-seh-rt_v6-rev0/mingw64/lib/gcc/x86_64-w64-mingw32/8.1.0/include/c++/ext/new_allocator.h
        -:    0:Graph:getData.gcno
        -:    0:Data:getData.gcda
        -:    0:Runs:1
        -:    0:Programs:1
        -:    1:// Allocator that wraps operator new -*- C++ -*-
        -:    2:
        -:    3:// Copyright (C) 2001-2018 Free Software Foundation, Inc.
        -:    4://
        -:    5:// This file is part of the GNU ISO C++ Library.  This library is free
        -:    6:// software; you can redistribute it and/or modify it under the
        -:    7:// terms of the GNU General Public License as published by the
        -:    8:// Free Software Foundation; either version 3, or (at your option)
        -:    9:// any later version.
        -:   10:
        -:   11:// This library is distributed in the hope that it will be useful,
        -:   12:// but WITHOUT ANY WARRANTY; without even the implied warranty of
        -:   13:// MERCHANTABILITY or FITNESS FOR A PARTICULAR PURPOSE.  See the
        -:   14:// GNU General Public License for more details.
        -:   15:
        -:   16:// Under Section 7 of GPL version 3, you are granted additional
        -:   17:// permissions described in the GCC Runtime Library Exception, version
        -:   18:// 3.1, as published by the Free Software Foundation.
        -:   19:
        -:   20:// You should have received a copy of the GNU General Public License and
        -:   21:// a copy of the GCC Runtime Library Exception along with this program;
        -:   22:// see the files COPYING3 and COPYING.RUNTIME respectively.  If not, see
        -:   23:// <http://www.gnu.org/licenses/>.
        -:   24:
        -:   25:/** @file ext/new_allocator.h
        -:   26: *  This file is a GNU extension to the Standard C++ Library.
        -:   27: */
        -:   28:
        -:   29:#ifndef _NEW_ALLOCATOR_H
        -:   30:#define _NEW_ALLOCATOR_H 1
        -:   31:
        -:   32:#include <bits/c++config.h>
        -:   33:#include <new>
        -:   34:#include <bits/functexcept.h>
        -:   35:#include <bits/move.h>
        -:   36:#if __cplusplus >= 201103L
        -:   37:#include <type_traits>
        -:   38:#endif
        -:   39:
        -:   40:namespace __gnu_cxx _GLIBCXX_VISIBILITY(default)
        -:   41:{
        -:   42:_GLIBCXX_BEGIN_NAMESPACE_VERSION
        -:   43:
        -:   44:  using std::size_t;
        -:   45:  using std::ptrdiff_t;
        -:   46:
        -:   47:  /**
        -:   48:   *  @brief  An allocator that uses global new, as per [20.4].
        -:   49:   *  @ingroup allocators
        -:   50:   *
        -:   51:   *  This is precisely the allocator defined in the C++ Standard.
        -:   52:   *    - all allocation calls operator new
        -:   53:   *    - all deallocation calls operator delete
        -:   54:   *
        -:   55:   *  @tparam  _Tp  Type of allocated object.
        -:   56:   */
        -:   57:  template<typename _Tp>
        -:   58:    class new_allocator
        -:   59:    {
        -:   60:    public:
        -:   61:      typedef size_t     size_type;
        -:   62:      typedef ptrdiff_t  difference_type;
        -:   63:      typedef _Tp*       pointer;
        -:   64:      typedef const _Tp* const_pointer;
        -:   65:      typedef _Tp&       reference;
        -:   66:      typedef const _Tp& const_reference;
        -:   67:      typedef _Tp        value_type;
        -:   68:
        -:   69:      template<typename _Tp1>
        -:   70:	struct rebind
        -:   71:	{ typedef new_allocator<_Tp1> other; };
        -:   72:
        -:   73:#if __cplusplus >= 201103L
        -:   74:      // _GLIBCXX_RESOLVE_LIB_DEFECTS
        -:   75:      // 2103. propagate_on_container_move_assignment
        -:   76:      typedef std::true_type propagate_on_container_move_assignment;
        -:   77:#endif
        -:   78:
      12*:   79:      new_allocator() _GLIBCXX_USE_NOEXCEPT { }
------------------
_ZN9__gnu_cxx13new_allocatorISt10_List_nodeIiEEC2Ev:
function _ZN9__gnu_cxx13new_allocatorISt10_List_nodeIiEEC2Ev called 4 returned 100% blocks executed 100%
        4:   79:      new_allocator() _GLIBCXX_USE_NOEXCEPT { }
------------------
_ZN9__gnu_cxx13new_allocatorISt10_List_nodeINSt7__cxx1112basic_stringIcSt11char_traitsIcESaIcEEEEEC2Ev:
function _ZN9__gnu_cxx13new_allocatorISt10_List_nodeINSt7__cxx1112basic_stringIcSt11char_traitsIcESaIcEEEEEC2Ev called 8 returned 100% blocks executed 100%
        8:   79:      new_allocator() _GLIBCXX_USE_NOEXCEPT { }
------------------
_ZN9__gnu_cxx13new_allocatorIcEC2Ev:
function _ZN9__gnu_cxx13new_allocatorIcEC2Ev called 0 returned 0% blocks executed 0%
    #####:   79:      new_allocator() _GLIBCXX_USE_NOEXCEPT { }
------------------
        -:   80:
function _ZN9__gnu_cxx13new_allocatorIcEC2ERKS1_ called 0 returned 0% blocks executed 0%
    #####:   81:      new_allocator(const new_allocator&) _GLIBCXX_USE_NOEXCEPT { }
        -:   82:
        -:   83:      template<typename _Tp1>
        -:   84:	new_allocator(const new_allocator<_Tp1>&) _GLIBCXX_USE_NOEXCEPT { }
        -:   85:
    #####:   86:      ~new_allocator() _GLIBCXX_USE_NOEXCEPT { }
------------------
_ZN9__gnu_cxx13new_allocatorISt10_List_nodeIiEED2Ev:
function _ZN9__gnu_cxx13new_allocatorISt10_List_nodeIiEED2Ev called 0 returned 0% blocks executed 0%
    #####:   86:      ~new_allocator() _GLIBCXX_USE_NOEXCEPT { }
------------------
_ZN9__gnu_cxx13new_allocatorISt10_List_nodeINSt7__cxx1112basic_stringIcSt11char_traitsIcESaIcEEEEED2Ev:
function _ZN9__gnu_cxx13new_allocatorISt10_List_nodeINSt7__cxx1112basic_stringIcSt11char_traitsIcESaIcEEEEED2Ev called 0 returned 0% blocks executed 0%
    #####:   86:      ~new_allocator() _GLIBCXX_USE_NOEXCEPT { }
------------------
_ZN9__gnu_cxx13new_allocatorIcED2Ev:
function _ZN9__gnu_cxx13new_allocatorIcED2Ev called 0 returned 0% blocks executed 0%
    #####:   86:      ~new_allocator() _GLIBCXX_USE_NOEXCEPT { }
------------------
        -:   87:
        -:   88:      pointer
        -:   89:      address(reference __x) const _GLIBCXX_NOEXCEPT
        -:   90:      { return std::__addressof(__x); }
        -:   91:
        -:   92:      const_pointer
        -:   93:      address(const_reference __x) const _GLIBCXX_NOEXCEPT
        -:   94:      { return std::__addressof(__x); }
        -:   95:
        -:   96:      // NB: __n is permitted to be 0.  The C++ standard says nothing
        -:   97:      // about what the return value is when __n == 0.
        -:   98:      pointer
       74:   99:      allocate(size_type __n, const void* = static_cast<const void*>(0))
        -:  100:      {
       74:  101:	if (__n > this->max_size())
    #####:  102:	  std::__throw_bad_alloc();
        -:  103:
        -:  104:#if __cpp_aligned_new
        -:  105:	if (alignof(_Tp) > __STDCPP_DEFAULT_NEW_ALIGNMENT__)
        -:  106:	  {
        -:  107:	    std::align_val_t __al = std::align_val_t(alignof(_Tp));
        -:  108:	    return static_cast<_Tp*>(::operator new(__n * sizeof(_Tp), __al));
        -:  109:	  }
        -:  110:#endif
       74:  111:	return static_cast<_Tp*>(::operator new(__n * sizeof(_Tp)));
        -:  112:      }
------------------
_ZN9__gnu_cxx13new_allocatorISt10_List_nodeIiEE8allocateEyPKv:
function _ZN9__gnu_cxx13new_allocatorISt10_List_nodeIiEE8allocateEyPKv called 26 returned 100% blocks executed 83%
       26:   99:      allocate(size_type __n, const void* = static_cast<const void*>(0))
        -:  100:      {
       26:  101:	if (__n > this->max_size())
       26:  101-block  0
call    0 returned 26
branch  1 taken 0 (fallthrough)
branch  2 taken 26
    #####:  102:	  std::__throw_bad_alloc();
    %%%%%:  102-block  0
call    0 never executed
        -:  103:
        -:  104:#if __cpp_aligned_new
        -:  105:	if (alignof(_Tp) > __STDCPP_DEFAULT_NEW_ALIGNMENT__)
        -:  106:	  {
        -:  107:	    std::align_val_t __al = std::align_val_t(alignof(_Tp));
        -:  108:	    return static_cast<_Tp*>(::operator new(__n * sizeof(_Tp), __al));
        -:  109:	  }
        -:  110:#endif
       26:  111:	return static_cast<_Tp*>(::operator new(__n * sizeof(_Tp)));
       26:  111-block  0
call    0 returned 26
unconditional  1 taken 26
        -:  112:      }
------------------
_ZN9__gnu_cxx13new_allocatorISt10_List_nodeINSt7__cxx1112basic_stringIcSt11char_traitsIcESaIcEEEEE8allocateEyPKv:
function _ZN9__gnu_cxx13new_allocatorISt10_List_nodeINSt7__cxx1112basic_stringIcSt11char_traitsIcESaIcEEEEE8allocateEyPKv called 48 returned 100% blocks executed 83%
       48:   99:      allocate(size_type __n, const void* = static_cast<const void*>(0))
        -:  100:      {
       48:  101:	if (__n > this->max_size())
       48:  101-block  0
call    0 returned 48
branch  1 taken 0 (fallthrough)
branch  2 taken 48
    #####:  102:	  std::__throw_bad_alloc();
    %%%%%:  102-block  0
call    0 never executed
        -:  103:
        -:  104:#if __cpp_aligned_new
        -:  105:	if (alignof(_Tp) > __STDCPP_DEFAULT_NEW_ALIGNMENT__)
        -:  106:	  {
        -:  107:	    std::align_val_t __al = std::align_val_t(alignof(_Tp));
        -:  108:	    return static_cast<_Tp*>(::operator new(__n * sizeof(_Tp), __al));
        -:  109:	  }
        -:  110:#endif
       48:  111:	return static_cast<_Tp*>(::operator new(__n * sizeof(_Tp)));
       48:  111-block  0
call    0 returned 48
unconditional  1 taken 48
        -:  112:      }
------------------
        -:  113:
        -:  114:      // __p is not permitted to be a null pointer.
        -:  115:      void
        7:  116:      deallocate(pointer __p, size_type)
        -:  117:      {
        -:  118:#if __cpp_aligned_new
        -:  119:	if (alignof(_Tp) > __STDCPP_DEFAULT_NEW_ALIGNMENT__)
        -:  120:	  {
        -:  121:	    ::operator delete(__p, std::align_val_t(alignof(_Tp)));
        -:  122:	    return;
        -:  123:	  }
        -:  124:#endif
        7:  125:	::operator delete(__p);
        7:  126:      }
------------------
_ZN9__gnu_cxx13new_allocatorISt10_List_nodeIiEE10deallocateEPS2_y:
function _ZN9__gnu_cxx13new_allocatorISt10_List_nodeIiEE10deallocateEPS2_y called 3 returned 100% blocks executed 100%
        3:  116:      deallocate(pointer __p, size_type)
        -:  117:      {
        -:  118:#if __cpp_aligned_new
        -:  119:	if (alignof(_Tp) > __STDCPP_DEFAULT_NEW_ALIGNMENT__)
        -:  120:	  {
        -:  121:	    ::operator delete(__p, std::align_val_t(alignof(_Tp)));
        -:  122:	    return;
        -:  123:	  }
        -:  124:#endif
        3:  125:	::operator delete(__p);
        3:  125-block  0
call    0 returned 3
        3:  126:      }
------------------
_ZN9__gnu_cxx13new_allocatorISt10_List_nodeINSt7__cxx1112basic_stringIcSt11char_traitsIcESaIcEEEEE10deallocateEPS8_y:
function _ZN9__gnu_cxx13new_allocatorISt10_List_nodeINSt7__cxx1112basic_stringIcSt11char_traitsIcESaIcEEEEE10deallocateEPS8_y called 4 returned 100% blocks executed 100%
        4:  116:      deallocate(pointer __p, size_type)
        -:  117:      {
        -:  118:#if __cpp_aligned_new
        -:  119:	if (alignof(_Tp) > __STDCPP_DEFAULT_NEW_ALIGNMENT__)
        -:  120:	  {
        -:  121:	    ::operator delete(__p, std::align_val_t(alignof(_Tp)));
        -:  122:	    return;
        -:  123:	  }
        -:  124:#endif
        4:  125:	::operator delete(__p);
        4:  125-block  0
call    0 returned 4
        4:  126:      }
------------------
        -:  127:
        -:  128:      size_type
       74:  129:      max_size() const _GLIBCXX_USE_NOEXCEPT
       74:  130:      { return size_t(-1) / sizeof(_Tp); }
------------------
_ZNK9__gnu_cxx13new_allocatorISt10_List_nodeIiEE8max_sizeEv:
function _ZNK9__gnu_cxx13new_allocatorISt10_List_nodeIiEE8max_sizeEv called 26 returned 100% blocks executed 100%
       26:  129:      max_size() const _GLIBCXX_USE_NOEXCEPT
       26:  130:      { return size_t(-1) / sizeof(_Tp); }
       26:  130-block  0
unconditional  0 taken 26
------------------
_ZNK9__gnu_cxx13new_allocatorISt10_List_nodeINSt7__cxx1112basic_stringIcSt11char_traitsIcESaIcEEEEE8max_sizeEv:
function _ZNK9__gnu_cxx13new_allocatorISt10_List_nodeINSt7__cxx1112basic_stringIcSt11char_traitsIcESaIcEEEEE8max_sizeEv called 48 returned 100% blocks executed 100%
       48:  129:      max_size() const _GLIBCXX_USE_NOEXCEPT
       48:  130:      { return size_t(-1) / sizeof(_Tp); }
       48:  130-block  0
unconditional  0 taken 48
------------------
        -:  131:
        -:  132:#if __cplusplus >= 201103L
        -:  133:      template<typename _Up, typename... _Args>
        -:  134:	void
       74:  135:	construct(_Up* __p, _Args&&... __args)
       74:  136:	{ ::new((void *)__p) _Up(std::forward<_Args>(__args)...); }
------------------
_ZN9__gnu_cxx13new_allocatorISt10_List_nodeINSt7__cxx1112basic_stringIcSt11char_traitsIcESaIcEEEEE9constructIS7_JS7_EEEvPT_DpOT0_:
function _ZN9__gnu_cxx13new_allocatorISt10_List_nodeINSt7__cxx1112basic_stringIcSt11char_traitsIcESaIcEEEEE9constructIS7_JS7_EEEvPT_DpOT0_ called 1 returned 100% blocks executed 100%
        1:  135:	construct(_Up* __p, _Args&&... __args)
        1:  136:	{ ::new((void *)__p) _Up(std::forward<_Args>(__args)...); }
        1:  136-block  0
call    0 returned 1
call    1 returned 1
call    2 returned 1
------------------
_ZN9__gnu_cxx13new_allocatorISt10_List_nodeIiEE9constructIiJRKiEEEvPT_DpOT0_:
function _ZN9__gnu_cxx13new_allocatorISt10_List_nodeIiEE9constructIiJRKiEEEvPT_DpOT0_ called 26 returned 100% blocks executed 100%
       26:  135:	construct(_Up* __p, _Args&&... __args)
       26:  136:	{ ::new((void *)__p) _Up(std::forward<_Args>(__args)...); }
       26:  136-block  0
call    0 returned 26
call    1 returned 26
------------------
_ZN9__gnu_cxx13new_allocatorISt10_List_nodeINSt7__cxx1112basic_stringIcSt11char_traitsIcESaIcEEEEE9constructIS7_JRKS7_EEEvPT_DpOT0_:
function _ZN9__gnu_cxx13new_allocatorISt10_List_nodeINSt7__cxx1112basic_stringIcSt11char_traitsIcESaIcEEEEE9constructIS7_JRKS7_EEEvPT_DpOT0_ called 47 returned 100% blocks executed 83%
       47:  135:	construct(_Up* __p, _Args&&... __args)
       47:  136:	{ ::new((void *)__p) _Up(std::forward<_Args>(__args)...); }
       47:  136-block  0
call    0 returned 47
call    1 returned 47
call    2 returned 47
branch  3 taken 47 (fallthrough)
branch  4 taken 0 (throw)
       47:  136-block  1
unconditional  5 taken 47
    $$$$$:  136-block  2
call    6 never executed
------------------
        -:  137:
        -:  138:      template<typename _Up>
        -:  139:	void
        7:  140:	destroy(_Up* __p) { __p->~_Up(); }
------------------
_ZN9__gnu_cxx13new_allocatorISt10_List_nodeIiEE7destroyIiEEvPT_:
function _ZN9__gnu_cxx13new_allocatorISt10_List_nodeIiEE7destroyIiEEvPT_ called 3 returned 100% blocks executed 100%
        3:  140:	destroy(_Up* __p) { __p->~_Up(); }
------------------
_ZN9__gnu_cxx13new_allocatorISt10_List_nodeINSt7__cxx1112basic_stringIcSt11char_traitsIcESaIcEEEEE7destroyIS7_EEvPT_:
function _ZN9__gnu_cxx13new_allocatorISt10_List_nodeINSt7__cxx1112basic_stringIcSt11char_traitsIcESaIcEEEEE7destroyIS7_EEvPT_ called 4 returned 100% blocks executed 100%
        4:  140:	destroy(_Up* __p) { __p->~_Up(); }
        4:  140-block  0
call    0 returned 4
------------------
        -:  141:#else
        -:  142:      // _GLIBCXX_RESOLVE_LIB_DEFECTS
        -:  143:      // 402. wrong new expression in [some_] allocator::construct
        -:  144:      void
        -:  145:      construct(pointer __p, const _Tp& __val)
        -:  146:      { ::new((void *)__p) _Tp(__val); }
        -:  147:
        -:  148:      void
        -:  149:      destroy(pointer __p) { __p->~_Tp(); }
        -:  150:#endif
        -:  151:    };
        -:  152:
        -:  153:  template<typename _Tp>
        -:  154:    inline bool
        -:  155:    operator==(const new_allocator<_Tp>&, const new_allocator<_Tp>&)
        -:  156:    { return true; }
        -:  157:
        -:  158:  template<typename _Tp>
        -:  159:    inline bool
        -:  160:    operator!=(const new_allocator<_Tp>&, const new_allocator<_Tp>&)
        -:  161:    { return false; }
        -:  162:
        -:  163:_GLIBCXX_END_NAMESPACE_VERSION
        -:  164:} // namespace
        -:  165:
        -:  166:#endif
